<?xml version="1.0" encoding="utf-8"?>
<coverage line-rate="0.9194" branch-rate="0.8513" version="1.9" timestamp="1762311489" lines-covered="217" lines-valid="236" branches-covered="63" branches-valid="74">
  <sources>
    <source>C:\Users\dana\source\repos\Trabajo tarjeta\TrabajoTarjeta\</source>
  </sources>
  <packages>
    <package name="TrabajoTarjeta" line-rate="0.9194" branch-rate="0.8513" complexity="94">
      <classes>
        <class name="TrabajoTarjeta.Boleto" filename="Boleto.cs" line-rate="1" branch-rate="1" complexity="8">
          <methods>
            <method name="get_Linea" signature="()" line-rate="1" branch-rate="1" complexity="1">
              <lines>
                <line number="9" hits="5" branch="False" />
              </lines>
            </method>
            <method name="get_SaldoRestante" signature="()" line-rate="1" branch-rate="1" complexity="1">
              <lines>
                <line number="10" hits="3" branch="False" />
              </lines>
            </method>
            <method name="get_FechaEmision" signature="()" line-rate="1" branch-rate="1" complexity="1">
              <lines>
                <line number="11" hits="2" branch="False" />
              </lines>
            </method>
            <method name="get_TipoTarjeta" signature="()" line-rate="1" branch-rate="1" complexity="1">
              <lines>
                <line number="12" hits="11" branch="False" />
              </lines>
            </method>
            <method name="get_TotalAbonado" signature="()" line-rate="1" branch-rate="1" complexity="1">
              <lines>
                <line number="13" hits="2" branch="False" />
              </lines>
            </method>
            <method name="get_IdTarjeta" signature="()" line-rate="1" branch-rate="1" complexity="1">
              <lines>
                <line number="14" hits="11" branch="False" />
              </lines>
            </method>
            <method name="Imprimir" signature="()" line-rate="1" branch-rate="1" complexity="1">
              <lines>
                <line number="26" hits="1" branch="False" />
                <line number="27" hits="1" branch="False" />
                <line number="28" hits="1" branch="False" />
                <line number="29" hits="1" branch="False" />
                <line number="30" hits="1" branch="False" />
                <line number="31" hits="1" branch="False" />
                <line number="32" hits="1" branch="False" />
                <line number="33" hits="1" branch="False" />
              </lines>
            </method>
            <method name=".ctor" signature="(System.String,TrabajoTarjeta.Tarjeta)" line-rate="1" branch-rate="1" complexity="1">
              <lines>
                <line number="16" hits="6" branch="False" />
                <line number="17" hits="6" branch="False" />
                <line number="18" hits="6" branch="False" />
                <line number="19" hits="6" branch="False" />
                <line number="20" hits="6" branch="False" />
                <line number="21" hits="6" branch="False" />
                <line number="22" hits="6" branch="False" />
                <line number="23" hits="6" branch="False" />
              </lines>
            </method>
          </methods>
          <lines>
            <line number="9" hits="5" branch="False" />
            <line number="10" hits="3" branch="False" />
            <line number="11" hits="2" branch="False" />
            <line number="12" hits="11" branch="False" />
            <line number="13" hits="2" branch="False" />
            <line number="14" hits="11" branch="False" />
            <line number="26" hits="1" branch="False" />
            <line number="27" hits="1" branch="False" />
            <line number="28" hits="1" branch="False" />
            <line number="29" hits="1" branch="False" />
            <line number="30" hits="1" branch="False" />
            <line number="31" hits="1" branch="False" />
            <line number="32" hits="1" branch="False" />
            <line number="33" hits="1" branch="False" />
            <line number="16" hits="6" branch="False" />
            <line number="17" hits="6" branch="False" />
            <line number="18" hits="6" branch="False" />
            <line number="19" hits="6" branch="False" />
            <line number="20" hits="6" branch="False" />
            <line number="21" hits="6" branch="False" />
            <line number="22" hits="6" branch="False" />
            <line number="23" hits="6" branch="False" />
          </lines>
        </class>
        <class name="TrabajoTarjeta.Colectivo" filename="Colectivo.cs" line-rate="1" branch-rate="1" complexity="6">
          <methods>
            <method name="PagarCon" signature="(TrabajoTarjeta.Tarjeta,TrabajoTarjeta.Colectivo,TrabajoTarjeta.Boleto&amp;)" line-rate="1" branch-rate="1" complexity="4">
              <lines>
                <line number="20" hits="3" branch="False" />
                <line number="21" hits="3" branch="False" />
                <line number="22" hits="3" branch="True" condition-coverage="100% (2/2)">
                  <conditions>
                    <condition number="10" type="jump" coverage="100%" />
                  </conditions>
                </line>
                <line number="24" hits="3" branch="True" condition-coverage="100% (2/2)">
                  <conditions>
                    <condition number="43" type="jump" coverage="100%" />
                  </conditions>
                </line>
                <line number="25" hits="2" branch="False" />
                <line number="26" hits="2" branch="False" />
                <line number="27" hits="2" branch="False" />
                <line number="29" hits="1" branch="False" />
                <line number="30" hits="3" branch="False" />
              </lines>
            </method>
            <method name="ObtenerLinea" signature="()" line-rate="1" branch-rate="1" complexity="1">
              <lines>
                <line number="32" hits="29" branch="False" />
              </lines>
            </method>
            <method name=".ctor" signature="(System.String,System.Boolean)" line-rate="1" branch-rate="1" complexity="1">
              <lines>
                <line number="13" hits="19" branch="False" />
                <line number="14" hits="19" branch="False" />
                <line number="15" hits="19" branch="False" />
                <line number="16" hits="19" branch="False" />
                <line number="17" hits="19" branch="False" />
              </lines>
            </method>
          </methods>
          <lines>
            <line number="20" hits="3" branch="False" />
            <line number="21" hits="3" branch="False" />
            <line number="22" hits="3" branch="True" condition-coverage="100% (2/2)">
              <conditions>
                <condition number="10" type="jump" coverage="100%" />
              </conditions>
            </line>
            <line number="24" hits="3" branch="True" condition-coverage="100% (2/2)">
              <conditions>
                <condition number="43" type="jump" coverage="100%" />
              </conditions>
            </line>
            <line number="25" hits="2" branch="False" />
            <line number="26" hits="2" branch="False" />
            <line number="27" hits="2" branch="False" />
            <line number="29" hits="1" branch="False" />
            <line number="30" hits="3" branch="False" />
            <line number="32" hits="29" branch="False" />
            <line number="13" hits="19" branch="False" />
            <line number="14" hits="19" branch="False" />
            <line number="15" hits="19" branch="False" />
            <line number="16" hits="19" branch="False" />
            <line number="17" hits="19" branch="False" />
          </lines>
        </class>
        <class name="TrabajoTarjeta.Tarjeta" filename="Tarjeta.cs" line-rate="0.9695999999999999" branch-rate="0.9117000000000001" complexity="39">
          <methods>
            <method name="get_Saldo" signature="()" line-rate="1" branch-rate="1" complexity="1">
              <lines>
                <line number="9" hits="177" branch="False" />
              </lines>
            </method>
            <method name="get_TipoTarjeta" signature="()" line-rate="1" branch-rate="1" complexity="1">
              <lines>
                <line number="10" hits="50" branch="False" />
              </lines>
            </method>
            <method name="get_Id" signature="()" line-rate="1" branch-rate="1" complexity="1">
              <lines>
                <line number="11" hits="43" branch="False" />
              </lines>
            </method>
            <method name="get_SaldoPendiente" signature="()" line-rate="1" branch-rate="1" complexity="1">
              <lines>
                <line number="16" hits="77" branch="False" />
              </lines>
            </method>
            <method name="CargarTarjeta" signature="(TrabajoTarjeta.Tarjeta,System.IO.TextReader)" line-rate="0.9333" branch-rate="0.7857" complexity="14">
              <lines>
                <line number="28" hits="4" branch="False" />
                <line number="29" hits="4" branch="True" condition-coverage="50% (1/2)">
                  <conditions>
                    <condition number="2" type="jump" coverage="50%" />
                  </conditions>
                </line>
                <line number="30" hits="4" branch="False" />
                <line number="31" hits="10" branch="True" condition-coverage="100% (2/2)">
                  <conditions>
                    <condition number="449" type="jump" coverage="100%" />
                  </conditions>
                </line>
                <line number="32" hits="6" branch="False" />
                <line number="33" hits="6" branch="False" />
                <line number="34" hits="120" branch="True" condition-coverage="100% (2/2)">
                  <conditions>
                    <condition number="92" type="jump" coverage="100%" />
                  </conditions>
                </line>
                <line number="35" hits="54" branch="False" />
                <line number="36" hits="54" branch="False" />
                <line number="37" hits="54" branch="False" />
                <line number="38" hits="6" branch="False" />
                <line number="39" hits="6" branch="False" />
                <line number="40" hits="6" branch="True" condition-coverage="50% (1/2)">
                  <conditions>
                    <condition number="124" type="jump" coverage="50%" />
                  </conditions>
                </line>
                <line number="41" hits="6" branch="False" />
                <line number="42" hits="6" branch="False" />
                <line number="43" hits="6" branch="True" condition-coverage="75% (3/4)">
                  <conditions>
                    <condition number="136" type="jump" coverage="50%" />
                    <condition number="156" type="jump" coverage="100%" />
                  </conditions>
                </line>
                <line number="44" hits="4" branch="False" />
                <line number="45" hits="4" branch="False" />
                <line number="46" hits="4" branch="True" condition-coverage="100% (2/2)">
                  <conditions>
                    <condition number="200" type="jump" coverage="100%" />
                  </conditions>
                </line>
                <line number="47" hits="3" branch="False" />
                <line number="48" hits="3" branch="False" />
                <line number="49" hits="3" branch="False" />
                <line number="50" hits="3" branch="False" />
                <line number="51" hits="3" branch="False" />
                <line number="53" hits="1" branch="False" />
                <line number="54" hits="1" branch="False" />
                <line number="55" hits="1" branch="False" />
                <line number="56" hits="1" branch="False" />
                <line number="57" hits="1" branch="False" />
                <line number="58" hits="1" branch="False" />
                <line number="59" hits="1" branch="False" />
                <line number="60" hits="1" branch="False" />
                <line number="61" hits="1" branch="False" />
                <line number="62" hits="1" branch="False" />
                <line number="63" hits="4" branch="False" />
                <line number="65" hits="2" branch="False" />
                <line number="66" hits="2" branch="False" />
                <line number="67" hits="2" branch="False" />
                <line number="68" hits="6" branch="False" />
                <line number="70" hits="0" branch="False" />
                <line number="71" hits="0" branch="False" />
                <line number="72" hits="0" branch="False" />
                <line number="73" hits="6" branch="False" />
                <line number="74" hits="4" branch="False" />
                <line number="75" hits="4" branch="False" />
              </lines>
            </method>
            <method name="AcreditarCarga" signature="()" line-rate="1" branch-rate="1" complexity="4">
              <lines>
                <line number="78" hits="24" branch="False" />
                <line number="79" hits="24" branch="True" condition-coverage="100% (2/2)">
                  <conditions>
                    <condition number="20" type="jump" coverage="100%" />
                  </conditions>
                </line>
                <line number="80" hits="2" branch="False" />
                <line number="81" hits="2" branch="False" />
                <line number="82" hits="2" branch="True" condition-coverage="100% (2/2)">
                  <conditions>
                    <condition number="57" type="jump" coverage="100%" />
                  </conditions>
                </line>
                <line number="83" hits="2" branch="False" />
                <line number="84" hits="2" branch="False" />
                <line number="85" hits="2" branch="False" />
                <line number="86" hits="2" branch="False" />
                <line number="87" hits="2" branch="False" />
                <line number="88" hits="2" branch="False" />
                <line number="89" hits="2" branch="False" />
                <line number="90" hits="2" branch="False" />
                <line number="91" hits="2" branch="False" />
                <line number="92" hits="24" branch="False" />
              </lines>
            </method>
            <method name="Pagar" signature="(System.Double,TrabajoTarjeta.Colectivo)" line-rate="1" branch-rate="1" complexity="16">
              <lines>
                <line number="95" hits="23" branch="False" />
                <line number="96" hits="23" branch="False" />
                <line number="97" hits="23" branch="True" condition-coverage="100% (2/2)">
                  <conditions>
                    <condition number="27" type="jump" coverage="100%" />
                  </conditions>
                </line>
                <line number="98" hits="21" branch="False" />
                <line number="99" hits="21" branch="False" />
                <line number="100" hits="21" branch="True" condition-coverage="100% (12/12)">
                  <conditions>
                    <condition number="74" type="jump" coverage="100%" />
                    <condition number="83" type="jump" coverage="100%" />
                    <condition number="93" type="jump" coverage="100%" />
                    <condition number="104" type="jump" coverage="100%" />
                    <condition number="112" type="jump" coverage="100%" />
                    <condition number="136" type="jump" coverage="100%" />
                  </conditions>
                </line>
                <line number="101" hits="21" branch="False" />
                <line number="102" hits="21" branch="False" />
                <line number="103" hits="21" branch="False" />
                <line number="104" hits="21" branch="False" />
                <line number="105" hits="1" branch="False" />
                <line number="106" hits="1" branch="False" />
                <line number="107" hits="1" branch="False" />
                <line number="109" hits="21" branch="True" condition-coverage="100% (2/2)">
                  <conditions>
                    <condition number="147" type="jump" coverage="100%" />
                  </conditions>
                </line>
                <line number="110" hits="1" branch="False" />
                <line number="111" hits="1" branch="False" />
                <line number="112" hits="1" branch="False" />
                <line number="114" hits="20" branch="False" />
                <line number="115" hits="20" branch="False" />
                <line number="116" hits="20" branch="False" />
                <line number="118" hits="21" branch="False" />
                <line number="119" hits="21" branch="False" />
                <line number="120" hits="21" branch="False" />
                <line number="121" hits="21" branch="False" />
                <line number="123" hits="2" branch="False" />
                <line number="124" hits="23" branch="False" />
              </lines>
            </method>
            <method name=".ctor" signature="()" line-rate="1" branch-rate="1" complexity="1">
              <lines>
                <line number="12" hits="34" branch="False" />
                <line number="17" hits="34" branch="False" />
                <line number="19" hits="34" branch="False" />
                <line number="20" hits="34" branch="False" />
                <line number="21" hits="34" branch="False" />
                <line number="22" hits="34" branch="False" />
                <line number="23" hits="34" branch="False" />
                <line number="24" hits="34" branch="False" />
                <line number="25" hits="34" branch="False" />
              </lines>
            </method>
          </methods>
          <lines>
            <line number="9" hits="177" branch="False" />
            <line number="10" hits="50" branch="False" />
            <line number="11" hits="43" branch="False" />
            <line number="16" hits="77" branch="False" />
            <line number="28" hits="4" branch="False" />
            <line number="29" hits="4" branch="True" condition-coverage="50% (1/2)">
              <conditions>
                <condition number="2" type="jump" coverage="50%" />
              </conditions>
            </line>
            <line number="30" hits="4" branch="False" />
            <line number="31" hits="10" branch="True" condition-coverage="100% (2/2)">
              <conditions>
                <condition number="449" type="jump" coverage="100%" />
              </conditions>
            </line>
            <line number="32" hits="6" branch="False" />
            <line number="33" hits="6" branch="False" />
            <line number="34" hits="120" branch="True" condition-coverage="100% (2/2)">
              <conditions>
                <condition number="92" type="jump" coverage="100%" />
              </conditions>
            </line>
            <line number="35" hits="54" branch="False" />
            <line number="36" hits="54" branch="False" />
            <line number="37" hits="54" branch="False" />
            <line number="38" hits="6" branch="False" />
            <line number="39" hits="6" branch="False" />
            <line number="40" hits="6" branch="True" condition-coverage="50% (1/2)">
              <conditions>
                <condition number="124" type="jump" coverage="50%" />
              </conditions>
            </line>
            <line number="41" hits="6" branch="False" />
            <line number="42" hits="6" branch="False" />
            <line number="43" hits="6" branch="True" condition-coverage="75% (3/4)">
              <conditions>
                <condition number="136" type="jump" coverage="50%" />
                <condition number="156" type="jump" coverage="100%" />
              </conditions>
            </line>
            <line number="44" hits="4" branch="False" />
            <line number="45" hits="4" branch="False" />
            <line number="46" hits="4" branch="True" condition-coverage="100% (2/2)">
              <conditions>
                <condition number="200" type="jump" coverage="100%" />
              </conditions>
            </line>
            <line number="47" hits="3" branch="False" />
            <line number="48" hits="3" branch="False" />
            <line number="49" hits="3" branch="False" />
            <line number="50" hits="3" branch="False" />
            <line number="51" hits="3" branch="False" />
            <line number="53" hits="1" branch="False" />
            <line number="54" hits="1" branch="False" />
            <line number="55" hits="1" branch="False" />
            <line number="56" hits="1" branch="False" />
            <line number="57" hits="1" branch="False" />
            <line number="58" hits="1" branch="False" />
            <line number="59" hits="1" branch="False" />
            <line number="60" hits="1" branch="False" />
            <line number="61" hits="1" branch="False" />
            <line number="62" hits="1" branch="False" />
            <line number="63" hits="4" branch="False" />
            <line number="65" hits="2" branch="False" />
            <line number="66" hits="2" branch="False" />
            <line number="67" hits="2" branch="False" />
            <line number="68" hits="6" branch="False" />
            <line number="70" hits="0" branch="False" />
            <line number="71" hits="0" branch="False" />
            <line number="72" hits="0" branch="False" />
            <line number="73" hits="6" branch="False" />
            <line number="74" hits="4" branch="False" />
            <line number="75" hits="4" branch="False" />
            <line number="78" hits="24" branch="False" />
            <line number="79" hits="24" branch="True" condition-coverage="100% (2/2)">
              <conditions>
                <condition number="20" type="jump" coverage="100%" />
              </conditions>
            </line>
            <line number="80" hits="2" branch="False" />
            <line number="81" hits="2" branch="False" />
            <line number="82" hits="2" branch="True" condition-coverage="100% (2/2)">
              <conditions>
                <condition number="57" type="jump" coverage="100%" />
              </conditions>
            </line>
            <line number="83" hits="2" branch="False" />
            <line number="84" hits="2" branch="False" />
            <line number="85" hits="2" branch="False" />
            <line number="86" hits="2" branch="False" />
            <line number="87" hits="2" branch="False" />
            <line number="88" hits="2" branch="False" />
            <line number="89" hits="2" branch="False" />
            <line number="90" hits="2" branch="False" />
            <line number="91" hits="2" branch="False" />
            <line number="92" hits="24" branch="False" />
            <line number="95" hits="23" branch="False" />
            <line number="96" hits="23" branch="False" />
            <line number="97" hits="23" branch="True" condition-coverage="100% (2/2)">
              <conditions>
                <condition number="27" type="jump" coverage="100%" />
              </conditions>
            </line>
            <line number="98" hits="21" branch="False" />
            <line number="99" hits="21" branch="False" />
            <line number="100" hits="21" branch="True" condition-coverage="100% (12/12)">
              <conditions>
                <condition number="74" type="jump" coverage="100%" />
                <condition number="83" type="jump" coverage="100%" />
                <condition number="93" type="jump" coverage="100%" />
                <condition number="104" type="jump" coverage="100%" />
                <condition number="112" type="jump" coverage="100%" />
                <condition number="136" type="jump" coverage="100%" />
              </conditions>
            </line>
            <line number="101" hits="21" branch="False" />
            <line number="102" hits="21" branch="False" />
            <line number="103" hits="21" branch="False" />
            <line number="104" hits="21" branch="False" />
            <line number="105" hits="1" branch="False" />
            <line number="106" hits="1" branch="False" />
            <line number="107" hits="1" branch="False" />
            <line number="109" hits="21" branch="True" condition-coverage="100% (2/2)">
              <conditions>
                <condition number="147" type="jump" coverage="100%" />
              </conditions>
            </line>
            <line number="110" hits="1" branch="False" />
            <line number="111" hits="1" branch="False" />
            <line number="112" hits="1" branch="False" />
            <line number="114" hits="20" branch="False" />
            <line number="115" hits="20" branch="False" />
            <line number="116" hits="20" branch="False" />
            <line number="118" hits="21" branch="False" />
            <line number="119" hits="21" branch="False" />
            <line number="120" hits="21" branch="False" />
            <line number="121" hits="21" branch="False" />
            <line number="123" hits="2" branch="False" />
            <line number="124" hits="23" branch="False" />
            <line number="12" hits="34" branch="False" />
            <line number="17" hits="34" branch="False" />
            <line number="19" hits="34" branch="False" />
            <line number="20" hits="34" branch="False" />
            <line number="21" hits="34" branch="False" />
            <line number="22" hits="34" branch="False" />
            <line number="23" hits="34" branch="False" />
            <line number="24" hits="34" branch="False" />
            <line number="25" hits="34" branch="False" />
          </lines>
        </class>
        <class name="TrabajoTarjeta.SinFranquicia" filename="Tarjeta.cs" line-rate="0.6666" branch-rate="0.8" complexity="11">
          <methods>
            <method name="UsoFrecuente" signature="()" line-rate="1" branch-rate="1" complexity="8">
              <lines>
                <line number="132" hits="4" branch="False" />
                <line number="133" hits="4" branch="False" />
                <line number="134" hits="4" branch="True" condition-coverage="100% (2/2)">
                  <conditions>
                    <condition number="30" type="jump" coverage="100%" />
                  </conditions>
                </line>
                <line number="135" hits="1" branch="False" />
                <line number="136" hits="1" branch="False" />
                <line number="137" hits="1" branch="False" />
                <line number="138" hits="4" branch="True" condition-coverage="100% (2/2)">
                  <conditions>
                    <condition number="56" type="jump" coverage="100%" />
                  </conditions>
                </line>
                <line number="139" hits="1" branch="False" />
                <line number="140" hits="3" branch="True" condition-coverage="100% (2/2)">
                  <conditions>
                    <condition number="83" type="jump" coverage="100%" />
                  </conditions>
                </line>
                <line number="141" hits="1" branch="False" />
                <line number="142" hits="2" branch="True" condition-coverage="100% (2/2)">
                  <conditions>
                    <condition number="110" type="jump" coverage="100%" />
                  </conditions>
                </line>
                <line number="143" hits="1" branch="False" />
                <line number="145" hits="1" branch="False" />
                <line number="146" hits="4" branch="False" />
                <line number="147" hits="4" branch="False" />
              </lines>
            </method>
            <method name="Pagar" signature="(System.Double,TrabajoTarjeta.Colectivo)" line-rate="0" branch-rate="0" complexity="2">
              <lines>
                <line number="150" hits="0" branch="False" />
                <line number="151" hits="0" branch="False" />
                <line number="152" hits="0" branch="True" condition-coverage="0% (0/2)">
                  <conditions>
                    <condition number="21" type="jump" coverage="0%" />
                  </conditions>
                </line>
                <line number="153" hits="0" branch="False" />
                <line number="154" hits="0" branch="False" />
                <line number="155" hits="0" branch="False" />
                <line number="156" hits="0" branch="False" />
                <line number="157" hits="0" branch="False" />
              </lines>
            </method>
            <method name=".ctor" signature="()" line-rate="1" branch-rate="1" complexity="1">
              <lines>
                <line number="129" hits="4" branch="False" />
              </lines>
            </method>
          </methods>
          <lines>
            <line number="132" hits="4" branch="False" />
            <line number="133" hits="4" branch="False" />
            <line number="134" hits="4" branch="True" condition-coverage="100% (2/2)">
              <conditions>
                <condition number="30" type="jump" coverage="100%" />
              </conditions>
            </line>
            <line number="135" hits="1" branch="False" />
            <line number="136" hits="1" branch="False" />
            <line number="137" hits="1" branch="False" />
            <line number="138" hits="4" branch="True" condition-coverage="100% (2/2)">
              <conditions>
                <condition number="56" type="jump" coverage="100%" />
              </conditions>
            </line>
            <line number="139" hits="1" branch="False" />
            <line number="140" hits="3" branch="True" condition-coverage="100% (2/2)">
              <conditions>
                <condition number="83" type="jump" coverage="100%" />
              </conditions>
            </line>
            <line number="141" hits="1" branch="False" />
            <line number="142" hits="2" branch="True" condition-coverage="100% (2/2)">
              <conditions>
                <condition number="110" type="jump" coverage="100%" />
              </conditions>
            </line>
            <line number="143" hits="1" branch="False" />
            <line number="145" hits="1" branch="False" />
            <line number="146" hits="4" branch="False" />
            <line number="147" hits="4" branch="False" />
            <line number="150" hits="0" branch="False" />
            <line number="151" hits="0" branch="False" />
            <line number="152" hits="0" branch="True" condition-coverage="0% (0/2)">
              <conditions>
                <condition number="21" type="jump" coverage="0%" />
              </conditions>
            </line>
            <line number="153" hits="0" branch="False" />
            <line number="154" hits="0" branch="False" />
            <line number="155" hits="0" branch="False" />
            <line number="156" hits="0" branch="False" />
            <line number="157" hits="0" branch="False" />
            <line number="129" hits="4" branch="False" />
          </lines>
        </class>
        <class name="TrabajoTarjeta.MedioBoletoEstudiantil" filename="Tarjeta.cs" line-rate="0.8378" branch-rate="0.7142000000000001" complexity="15">
          <methods>
            <method name="Pagar" signature="(System.Double,TrabajoTarjeta.Colectivo)" line-rate="0.8125" branch-rate="0.7142000000000001" complexity="14">
              <lines>
                <line number="170" hits="7" branch="False" />
                <line number="171" hits="7" branch="False" />
                <line number="172" hits="7" branch="True" condition-coverage="50% (2/4)">
                  <conditions>
                    <condition number="20" type="jump" coverage="50%" />
                    <condition number="40" type="jump" coverage="50%" />
                  </conditions>
                </line>
                <line number="173" hits="0" branch="False" />
                <line number="174" hits="0" branch="False" />
                <line number="175" hits="0" branch="False" />
                <line number="178" hits="7" branch="False" />
                <line number="179" hits="7" branch="True" condition-coverage="100% (2/2)">
                  <conditions>
                    <condition number="98" type="jump" coverage="100%" />
                  </conditions>
                </line>
                <line number="180" hits="3" branch="False" />
                <line number="181" hits="3" branch="False" />
                <line number="182" hits="3" branch="False" />
                <line number="184" hits="7" branch="True" condition-coverage="100% (2/2)">
                  <conditions>
                    <condition number="145" type="jump" coverage="100%" />
                  </conditions>
                </line>
                <line number="185" hits="1" branch="False" />
                <line number="186" hits="1" branch="False" />
                <line number="187" hits="1" branch="False" />
                <line number="191" hits="6" branch="True" condition-coverage="100% (2/2)">
                  <conditions>
                    <condition number="180" type="jump" coverage="100%" />
                  </conditions>
                </line>
                <line number="192" hits="5" branch="False" />
                <line number="193" hits="5" branch="False" />
                <line number="194" hits="5" branch="False" />
                <line number="195" hits="5" branch="False" />
                <line number="196" hits="5" branch="False" />
                <line number="198" hits="1" branch="False" />
                <line number="199" hits="1" branch="False" />
                <line number="200" hits="1" branch="False" />
                <line number="201" hits="1" branch="False" />
                <line number="203" hits="6" branch="False" />
                <line number="204" hits="6" branch="True" condition-coverage="50% (2/4)">
                  <conditions>
                    <condition number="264" type="jump" coverage="50%" />
                    <condition number="282" type="jump" coverage="50%" />
                  </conditions>
                </line>
                <line number="205" hits="0" branch="False" />
                <line number="206" hits="0" branch="False" />
                <line number="207" hits="0" branch="False" />
                <line number="208" hits="6" branch="False" />
                <line number="209" hits="7" branch="False" />
              </lines>
            </method>
            <method name=".ctor" signature="()" line-rate="1" branch-rate="1" complexity="1">
              <lines>
                <line number="162" hits="4" branch="False" />
                <line number="164" hits="4" branch="False" />
                <line number="165" hits="4" branch="False" />
                <line number="166" hits="4" branch="False" />
                <line number="167" hits="4" branch="False" />
              </lines>
            </method>
          </methods>
          <lines>
            <line number="170" hits="7" branch="False" />
            <line number="171" hits="7" branch="False" />
            <line number="172" hits="7" branch="True" condition-coverage="50% (2/4)">
              <conditions>
                <condition number="20" type="jump" coverage="50%" />
                <condition number="40" type="jump" coverage="50%" />
              </conditions>
            </line>
            <line number="173" hits="0" branch="False" />
            <line number="174" hits="0" branch="False" />
            <line number="175" hits="0" branch="False" />
            <line number="178" hits="7" branch="False" />
            <line number="179" hits="7" branch="True" condition-coverage="100% (2/2)">
              <conditions>
                <condition number="98" type="jump" coverage="100%" />
              </conditions>
            </line>
            <line number="180" hits="3" branch="False" />
            <line number="181" hits="3" branch="False" />
            <line number="182" hits="3" branch="False" />
            <line number="184" hits="7" branch="True" condition-coverage="100% (2/2)">
              <conditions>
                <condition number="145" type="jump" coverage="100%" />
              </conditions>
            </line>
            <line number="185" hits="1" branch="False" />
            <line number="186" hits="1" branch="False" />
            <line number="187" hits="1" branch="False" />
            <line number="191" hits="6" branch="True" condition-coverage="100% (2/2)">
              <conditions>
                <condition number="180" type="jump" coverage="100%" />
              </conditions>
            </line>
            <line number="192" hits="5" branch="False" />
            <line number="193" hits="5" branch="False" />
            <line number="194" hits="5" branch="False" />
            <line number="195" hits="5" branch="False" />
            <line number="196" hits="5" branch="False" />
            <line number="198" hits="1" branch="False" />
            <line number="199" hits="1" branch="False" />
            <line number="200" hits="1" branch="False" />
            <line number="201" hits="1" branch="False" />
            <line number="203" hits="6" branch="False" />
            <line number="204" hits="6" branch="True" condition-coverage="50% (2/4)">
              <conditions>
                <condition number="264" type="jump" coverage="50%" />
                <condition number="282" type="jump" coverage="50%" />
              </conditions>
            </line>
            <line number="205" hits="0" branch="False" />
            <line number="206" hits="0" branch="False" />
            <line number="207" hits="0" branch="False" />
            <line number="208" hits="6" branch="False" />
            <line number="209" hits="7" branch="False" />
            <line number="162" hits="4" branch="False" />
            <line number="164" hits="4" branch="False" />
            <line number="165" hits="4" branch="False" />
            <line number="166" hits="4" branch="False" />
            <line number="167" hits="4" branch="False" />
          </lines>
        </class>
        <class name="TrabajoTarjeta.BoletoGratuitoEstudiantil" filename="Tarjeta.cs" line-rate="1" branch-rate="1" complexity="9">
          <methods>
            <method name="Pagar" signature="(System.Double,TrabajoTarjeta.Colectivo)" line-rate="1" branch-rate="1" complexity="8">
              <lines>
                <line number="222" hits="4" branch="False" />
                <line number="223" hits="4" branch="False" />
                <line number="224" hits="4" branch="True" condition-coverage="100% (4/4)">
                  <conditions>
                    <condition number="20" type="jump" coverage="100%" />
                    <condition number="38" type="jump" coverage="100%" />
                  </conditions>
                </line>
                <line number="225" hits="1" branch="False" />
                <line number="226" hits="1" branch="False" />
                <line number="227" hits="1" branch="False" />
                <line number="230" hits="3" branch="False" />
                <line number="231" hits="3" branch="True" condition-coverage="100% (2/2)">
                  <conditions>
                    <condition number="95" type="jump" coverage="100%" />
                  </conditions>
                </line>
                <line number="232" hits="1" branch="False" />
                <line number="233" hits="1" branch="False" />
                <line number="234" hits="1" branch="False" />
                <line number="236" hits="3" branch="True" condition-coverage="100% (2/2)">
                  <conditions>
                    <condition number="119" type="jump" coverage="100%" />
                  </conditions>
                </line>
                <line number="237" hits="2" branch="False" />
                <line number="238" hits="2" branch="False" />
                <line number="239" hits="2" branch="False" />
                <line number="240" hits="2" branch="False" />
                <line number="243" hits="1" branch="False" />
                <line number="244" hits="1" branch="False" />
                <line number="245" hits="1" branch="False" />
                <line number="247" hits="4" branch="False" />
              </lines>
            </method>
            <method name=".ctor" signature="()" line-rate="1" branch-rate="1" complexity="1">
              <lines>
                <line number="214" hits="2" branch="False" />
                <line number="216" hits="2" branch="False" />
                <line number="217" hits="2" branch="False" />
                <line number="218" hits="2" branch="False" />
                <line number="219" hits="2" branch="False" />
              </lines>
            </method>
          </methods>
          <lines>
            <line number="222" hits="4" branch="False" />
            <line number="223" hits="4" branch="False" />
            <line number="224" hits="4" branch="True" condition-coverage="100% (4/4)">
              <conditions>
                <condition number="20" type="jump" coverage="100%" />
                <condition number="38" type="jump" coverage="100%" />
              </conditions>
            </line>
            <line number="225" hits="1" branch="False" />
            <line number="226" hits="1" branch="False" />
            <line number="227" hits="1" branch="False" />
            <line number="230" hits="3" branch="False" />
            <line number="231" hits="3" branch="True" condition-coverage="100% (2/2)">
              <conditions>
                <condition number="95" type="jump" coverage="100%" />
              </conditions>
            </line>
            <line number="232" hits="1" branch="False" />
            <line number="233" hits="1" branch="False" />
            <line number="234" hits="1" branch="False" />
            <line number="236" hits="3" branch="True" condition-coverage="100% (2/2)">
              <conditions>
                <condition number="119" type="jump" coverage="100%" />
              </conditions>
            </line>
            <line number="237" hits="2" branch="False" />
            <line number="238" hits="2" branch="False" />
            <line number="239" hits="2" branch="False" />
            <line number="240" hits="2" branch="False" />
            <line number="243" hits="1" branch="False" />
            <line number="244" hits="1" branch="False" />
            <line number="245" hits="1" branch="False" />
            <line number="247" hits="4" branch="False" />
            <line number="214" hits="2" branch="False" />
            <line number="216" hits="2" branch="False" />
            <line number="217" hits="2" branch="False" />
            <line number="218" hits="2" branch="False" />
            <line number="219" hits="2" branch="False" />
          </lines>
        </class>
        <class name="TrabajoTarjeta.FranquiciaCompleta" filename="Tarjeta.cs" line-rate="0.8461" branch-rate="0.5" complexity="5">
          <methods>
            <method name="Pagar" signature="(System.Double,TrabajoTarjeta.Colectivo)" line-rate="0.7777" branch-rate="0.5" complexity="4">
              <lines>
                <line number="258" hits="1" branch="False" />
                <line number="259" hits="1" branch="False" />
                <line number="260" hits="1" branch="True" condition-coverage="50% (2/4)">
                  <conditions>
                    <condition number="20" type="jump" coverage="50%" />
                    <condition number="38" type="jump" coverage="50%" />
                  </conditions>
                </line>
                <line number="261" hits="1" branch="False" />
                <line number="262" hits="1" branch="False" />
                <line number="263" hits="1" branch="False" />
                <line number="266" hits="0" branch="False" />
                <line number="267" hits="0" branch="False" />
                <line number="268" hits="1" branch="False" />
              </lines>
            </method>
            <method name=".ctor" signature="()" line-rate="1" branch-rate="1" complexity="1">
              <lines>
                <line number="252" hits="1" branch="False" />
                <line number="253" hits="1" branch="False" />
                <line number="254" hits="1" branch="False" />
                <line number="255" hits="1" branch="False" />
              </lines>
            </method>
          </methods>
          <lines>
            <line number="258" hits="1" branch="False" />
            <line number="259" hits="1" branch="False" />
            <line number="260" hits="1" branch="True" condition-coverage="50% (2/4)">
              <conditions>
                <condition number="20" type="jump" coverage="50%" />
                <condition number="38" type="jump" coverage="50%" />
              </conditions>
            </line>
            <line number="261" hits="1" branch="False" />
            <line number="262" hits="1" branch="False" />
            <line number="263" hits="1" branch="False" />
            <line number="266" hits="0" branch="False" />
            <line number="267" hits="0" branch="False" />
            <line number="268" hits="1" branch="False" />
            <line number="252" hits="1" branch="False" />
            <line number="253" hits="1" branch="False" />
            <line number="254" hits="1" branch="False" />
            <line number="255" hits="1" branch="False" />
          </lines>
        </class>
        <class name="TrabajoTarjeta.Tiempo" filename="Tiempo.cs" line-rate="1" branch-rate="1" complexity="1">
          <methods>
            <method name="get_Now" signature="()" line-rate="1" branch-rate="1" complexity="1">
              <lines>
                <line number="8" hits="106" branch="False" />
              </lines>
            </method>
          </methods>
          <lines>
            <line number="8" hits="106" branch="False" />
          </lines>
        </class>
      </classes>
    </package>
  </packages>
</coverage>